2018-11-08 01:54:45.326  INFO 17632 --- [           main] trationDelegate$BeanPostProcessorChecker : Bean 'configurationPropertiesRebinderAutoConfiguration' of type [org.springframework.cloud.autoconfigure.ConfigurationPropertiesRebinderAutoConfiguration$$EnhancerBySpringCGLIB$$f1f067f0] is not eligible for getting processed by all BeanPostProcessors (for example: not eligible for auto-proxying)

  .   ____          _            __ _ _
 /\\ / ___'_ __ _ _(_)_ __  __ _ \ \ \ \
( ( )\___ | '_ | '_| | '_ \/ _` | \ \ \ \
 \\/  ___)| |_)| | | | | || (_| |  ) ) ) )
  '  |____| .__|_| |_|_| |_\__, | / / / /
 =========|_|==============|___/=/_/_/_/
 :: Spring Boot ::        (v2.1.0.RELEASE)

2018-11-08 01:54:46.899  INFO 17632 --- [           main] com.rock.eurakasrv.EurakasrvApplication  : The following profiles are active: eurekaSrv2
2018-11-08 01:54:49.633  WARN 17632 --- [           main] o.s.boot.actuate.endpoint.EndpointId     : Endpoint ID 'service-registry' contains invalid characters, please migrate to a valid format.
2018-11-08 01:54:50.387  INFO 17632 --- [           main] o.s.cloud.context.scope.GenericScope     : BeanFactory id=cb67be16-0555-304f-8311-758074cb2578
2018-11-08 01:54:50.652  INFO 17632 --- [           main] trationDelegate$BeanPostProcessorChecker : Bean 'org.springframework.cloud.autoconfigure.ConfigurationPropertiesRebinderAutoConfiguration' of type [org.springframework.cloud.autoconfigure.ConfigurationPropertiesRebinderAutoConfiguration$$EnhancerBySpringCGLIB$$f1f067f0] is not eligible for getting processed by all BeanPostProcessors (for example: not eligible for auto-proxying)
2018-11-08 01:54:52.031  INFO 17632 --- [           main] o.s.b.w.embedded.tomcat.TomcatWebServer  : Tomcat initialized with port(s): 8101 (http)
2018-11-08 01:54:52.085  INFO 17632 --- [           main] o.apache.catalina.core.StandardService   : Starting service [Tomcat]
2018-11-08 01:54:52.085  INFO 17632 --- [           main] org.apache.catalina.core.StandardEngine  : Starting Servlet Engine: Apache Tomcat/9.0.12
2018-11-08 01:54:52.107  INFO 17632 --- [           main] o.a.catalina.core.AprLifecycleListener   : The APR based Apache Tomcat Native library which allows optimal performance in production environments was not found on the java.library.path: [E:\PF\JDK1.8\jre\bin;C:\windows\Sun\Java\bin;C:\windows\system32;C:\windows;E:\PF\JDK1.8\jre\bin;E:\PF\JDK1.8\bin;C:\windows\system32;C:\windows;C:\windows\System32\Wbem;C:\windows\System32\WindowsPowerShell\v1.0\;C:\Program Files\IBM\Infoprint Select;C:\Program Files\ThinkPad\Bluetooth Software\;C:\Program Files\ThinkPad\Bluetooth Software\syswow64;C:\Program Files\Intel\WiFi\bin\;C:\Program Files\Common Files\Intel\WirelessCommon\;C:\Program Files (x86)\Lenovo\Access Connections\;E:\shortcut;E:\PF\mysql\mysql-5.6.39-winx64\bin;C:\Users\IBM_ADMIN\Desktop\Tools;E:\PF\JDK1.8\bin;E:\PF\JDK1.8\jre\bin;C:\Program Files\Intel\WiFi\bin\;C:\Program Files\Common Files\Intel\WirelessCommon\;.]
2018-11-08 01:54:52.294  INFO 17632 --- [           main] o.a.c.c.C.[Tomcat].[localhost].[/]       : Initializing Spring embedded WebApplicationContext
2018-11-08 01:54:52.294  INFO 17632 --- [           main] o.s.web.context.ContextLoader            : Root WebApplicationContext: initialization completed in 5358 ms
2018-11-08 01:54:52.500  WARN 17632 --- [           main] c.n.c.sources.URLConfigurationSource     : No URLs will be polled as dynamic configuration sources.
2018-11-08 01:54:52.500  INFO 17632 --- [           main] c.n.c.sources.URLConfigurationSource     : To enable URLs as dynamic configuration sources, define System property archaius.configurationSource.additionalUrls or make config.properties available on classpath.
2018-11-08 01:54:52.532  INFO 17632 --- [           main] c.netflix.config.DynamicPropertyFactory  : DynamicPropertyFactory is initialized with configuration sources: com.netflix.config.ConcurrentCompositeConfiguration@20d7d6fb
2018-11-08 01:54:56.025  INFO 17632 --- [           main] o.s.c.n.eureka.InstanceInfoFactory       : Setting initial instance status as: STARTING
2018-11-08 01:54:56.112  INFO 17632 --- [           main] com.netflix.discovery.DiscoveryClient    : Initializing Eureka in region us-east-1
2018-11-08 01:54:57.383  INFO 17632 --- [           main] c.n.d.provider.DiscoveryJerseyProvider   : Using JSON encoding codec LegacyJacksonJson
2018-11-08 01:54:57.383  INFO 17632 --- [           main] c.n.d.provider.DiscoveryJerseyProvider   : Using JSON decoding codec LegacyJacksonJson
2018-11-08 01:54:57.714  INFO 17632 --- [           main] c.n.d.provider.DiscoveryJerseyProvider   : Using XML encoding codec XStreamXml
2018-11-08 01:54:57.714  INFO 17632 --- [           main] c.n.d.provider.DiscoveryJerseyProvider   : Using XML decoding codec XStreamXml
2018-11-08 01:54:58.299  INFO 17632 --- [           main] c.n.d.s.r.aws.ConfigClusterResolver      : Resolving eureka endpoints via configuration
2018-11-08 01:54:59.595  INFO 17632 --- [           main] com.netflix.discovery.DiscoveryClient    : Starting heartbeat executor: renew interval is: 30
2018-11-08 01:54:59.601  INFO 17632 --- [           main] c.n.discovery.InstanceInfoReplicator     : InstanceInfoReplicator onDemand update allowed rate per min is 4
2018-11-08 01:54:59.609  INFO 17632 --- [           main] com.netflix.discovery.DiscoveryClient    : Discovery Client initialized at timestamp 1541613299607 with initial instances count: 0
2018-11-08 01:55:00.149  INFO 17632 --- [           main] o.s.b.w.servlet.FilterRegistrationBean   : Mapping filter: 'characterEncodingFilter' to: [/*]
2018-11-08 01:55:00.150  INFO 17632 --- [           main] o.s.b.w.servlet.FilterRegistrationBean   : Mapping filter: 'webMvcMetricsFilter' to: [/*]
2018-11-08 01:55:00.151  INFO 17632 --- [           main] o.s.b.w.servlet.FilterRegistrationBean   : Mapping filter: 'hiddenHttpMethodFilter' to: [/*]
2018-11-08 01:55:00.151  INFO 17632 --- [           main] o.s.b.w.servlet.FilterRegistrationBean   : Mapping filter: 'formContentFilter' to: [/*]
2018-11-08 01:55:00.151  INFO 17632 --- [           main] o.s.b.w.servlet.FilterRegistrationBean   : Mapping filter: 'requestContextFilter' to: [/*]
2018-11-08 01:55:00.151  INFO 17632 --- [           main] o.s.b.w.servlet.FilterRegistrationBean   : Mapping filter: 'httpTraceFilter' to: [/*]
2018-11-08 01:55:00.151  INFO 17632 --- [           main] o.s.b.w.servlet.FilterRegistrationBean   : Mapping filter: 'servletContainer' to urls: [/eureka/*]
2018-11-08 01:55:00.151  INFO 17632 --- [           main] o.s.b.w.servlet.ServletRegistrationBean  : Servlet dispatcherServlet mapped to [/]
2018-11-08 01:55:00.474  INFO 17632 --- [           main] c.s.j.s.i.a.WebApplicationImpl           : Initiating Jersey application, version 'Jersey: 1.19.1 03/11/2016 02:08 PM'
2018-11-08 01:55:00.569  INFO 17632 --- [           main] c.n.d.provider.DiscoveryJerseyProvider   : Using JSON encoding codec LegacyJacksonJson
2018-11-08 01:55:00.570  INFO 17632 --- [           main] c.n.d.provider.DiscoveryJerseyProvider   : Using JSON decoding codec LegacyJacksonJson
2018-11-08 01:55:00.570  INFO 17632 --- [           main] c.n.d.provider.DiscoveryJerseyProvider   : Using XML encoding codec XStreamXml
2018-11-08 01:55:00.571  INFO 17632 --- [           main] c.n.d.provider.DiscoveryJerseyProvider   : Using XML decoding codec XStreamXml
2018-11-08 01:55:01.394  WARN 17632 --- [           main] c.n.c.sources.URLConfigurationSource     : No URLs will be polled as dynamic configuration sources.
2018-11-08 01:55:01.394  INFO 17632 --- [           main] c.n.c.sources.URLConfigurationSource     : To enable URLs as dynamic configuration sources, define System property archaius.configurationSource.additionalUrls or make config.properties available on classpath.
2018-11-08 01:55:03.521  INFO 17632 --- [           main] o.s.s.concurrent.ThreadPoolTaskExecutor  : Initializing ExecutorService 'applicationTaskExecutor'
2018-11-08 01:55:05.414  INFO 17632 --- [           main] c.n.eureka.DefaultEurekaServerContext    : Initializing ...
2018-11-08 01:55:05.416  INFO 17632 --- [           main] c.n.eureka.cluster.PeerEurekaNodes       : Adding new peer nodes [http://hostname1:8100/eureka/]
2018-11-08 01:55:05.443  INFO 17632 --- [           main] c.n.d.provider.DiscoveryJerseyProvider   : Using JSON encoding codec LegacyJacksonJson
2018-11-08 01:55:05.444  INFO 17632 --- [           main] c.n.d.provider.DiscoveryJerseyProvider   : Using JSON decoding codec LegacyJacksonJson
2018-11-08 01:55:05.444  INFO 17632 --- [           main] c.n.d.provider.DiscoveryJerseyProvider   : Using XML encoding codec XStreamXml
2018-11-08 01:55:05.444  INFO 17632 --- [           main] c.n.d.provider.DiscoveryJerseyProvider   : Using XML decoding codec XStreamXml
2018-11-08 01:55:05.607  INFO 17632 --- [           main] c.n.eureka.cluster.PeerEurekaNodes       : Replica node URL:  http://hostname1:8100/eureka/
2018-11-08 01:55:05.624  INFO 17632 --- [           main] c.n.e.registry.AbstractInstanceRegistry  : Finished initializing remote region registries. All known remote regions: []
2018-11-08 01:55:05.627  INFO 17632 --- [           main] c.n.eureka.DefaultEurekaServerContext    : Initialized
2018-11-08 01:55:05.646  INFO 17632 --- [           main] o.s.b.a.e.web.EndpointLinksResolver      : Exposing 2 endpoint(s) beneath base path '/actuator'
2018-11-08 01:55:05.857  INFO 17632 --- [           main] o.s.c.n.e.s.EurekaServiceRegistry        : Registering application eurekaServer with eureka with status UP
2018-11-08 01:55:05.864  INFO 17632 --- [           main] com.netflix.discovery.DiscoveryClient    : Saw local status change event StatusChangeEvent [timestamp=1541613305864, current=UP, previous=STARTING]
2018-11-08 01:55:05.908  INFO 17632 --- [      Thread-13] o.s.c.n.e.server.EurekaServerBootstrap   : Setting the eureka configuration..
2018-11-08 01:55:05.949  INFO 17632 --- [      Thread-13] o.s.c.n.e.server.EurekaServerBootstrap   : Eureka data center value eureka.datacenter is not set, defaulting to default
2018-11-08 01:55:05.951  INFO 17632 --- [      Thread-13] o.s.c.n.e.server.EurekaServerBootstrap   : Eureka environment value eureka.environment is not set, defaulting to test
2018-11-08 01:55:06.024  INFO 17632 --- [      Thread-13] o.s.c.n.e.server.EurekaServerBootstrap   : isAws returned false
2018-11-08 01:55:06.025  INFO 17632 --- [      Thread-13] o.s.c.n.e.server.EurekaServerBootstrap   : Initialized server context
2018-11-08 01:55:06.034  INFO 17632 --- [nfoReplicator-0] com.netflix.discovery.DiscoveryClient    : DiscoveryClient_EUREKASERVER/IBM-062987:eurekaServer:8101: registering service...
2018-11-08 01:55:06.116  INFO 17632 --- [           main] o.s.b.w.embedded.tomcat.TomcatWebServer  : Tomcat started on port(s): 8101 (http) with context path ''
2018-11-08 01:55:06.152  INFO 17632 --- [           main] .s.c.n.e.s.EurekaAutoServiceRegistration : Updating port to 8101
2018-11-08 01:55:06.156  INFO 17632 --- [           main] com.rock.eurakasrv.EurakasrvApplication  : Started EurakasrvApplication in 24.786 seconds (JVM running for 26.257)
2018-11-08 01:55:06.482  INFO 17632 --- [nio-8101-exec-2] o.a.c.c.C.[Tomcat].[localhost].[/]       : Initializing Spring DispatcherServlet 'dispatcherServlet'
2018-11-08 01:55:06.482  INFO 17632 --- [nio-8101-exec-2] o.s.web.servlet.DispatcherServlet        : Initializing Servlet 'dispatcherServlet'
2018-11-08 01:55:06.505  INFO 17632 --- [nio-8101-exec-2] o.s.web.servlet.DispatcherServlet        : Completed initialization in 23 ms
2018-11-08 01:55:06.759  INFO 17632 --- [nio-8101-exec-2] c.n.e.registry.AbstractInstanceRegistry  : Registered instance EUREKASERVER/IBM-062987:eurekaServer:8100 with status UP (replication=false)
2018-11-08 01:55:06.913  INFO 17632 --- [nfoReplicator-0] com.netflix.discovery.DiscoveryClient    : DiscoveryClient_EUREKASERVER/IBM-062987:eurekaServer:8101 - registration status: 204
2018-11-08 01:55:07.498 ERROR 17632 --- [get_hostname1-4] c.n.e.cluster.ReplicationTaskProcessor   : It seems to be a socket read timeout exception, it will retry later. if it continues to happen and some eureka node occupied all the cpu time, you should set property 'eureka.server.peer-node-read-timeout-ms' to a bigger value

com.sun.jersey.api.client.ClientHandlerException: java.net.SocketTimeoutException: Read timed out
	at com.sun.jersey.client.apache4.ApacheHttpClient4Handler.handle(ApacheHttpClient4Handler.java:187) ~[jersey-apache-client4-1.19.1.jar!/:1.19.1]
	at com.netflix.eureka.cluster.DynamicGZIPContentEncodingFilter.handle(DynamicGZIPContentEncodingFilter.java:48) ~[eureka-core-1.9.3.jar!/:1.9.3]
	at com.netflix.discovery.EurekaIdentityHeaderFilter.handle(EurekaIdentityHeaderFilter.java:27) ~[eureka-client-1.9.3.jar!/:1.9.3]
	at com.sun.jersey.api.client.Client.handle(Client.java:652) ~[jersey-client-1.19.1.jar!/:1.19.1]
	at com.sun.jersey.api.client.WebResource.handle(WebResource.java:682) ~[jersey-client-1.19.1.jar!/:1.19.1]
	at com.sun.jersey.api.client.WebResource.access$200(WebResource.java:74) ~[jersey-client-1.19.1.jar!/:1.19.1]
	at com.sun.jersey.api.client.WebResource$Builder.post(WebResource.java:570) ~[jersey-client-1.19.1.jar!/:1.19.1]
	at com.netflix.eureka.transport.JerseyReplicationClient.submitBatchUpdates(JerseyReplicationClient.java:116) ~[eureka-core-1.9.3.jar!/:1.9.3]
	at com.netflix.eureka.cluster.ReplicationTaskProcessor.process(ReplicationTaskProcessor.java:80) ~[eureka-core-1.9.3.jar!/:1.9.3]
	at com.netflix.eureka.util.batcher.TaskExecutors$BatchWorkerRunnable.run(TaskExecutors.java:187) [eureka-core-1.9.3.jar!/:1.9.3]
	at java.lang.Thread.run(Thread.java:745) [na:1.8.0_121]
Caused by: java.net.SocketTimeoutException: Read timed out
	at java.net.SocketInputStream.socketRead0(Native Method) ~[na:1.8.0_121]
	at java.net.SocketInputStream.socketRead(SocketInputStream.java:116) ~[na:1.8.0_121]
	at java.net.SocketInputStream.read(SocketInputStream.java:171) ~[na:1.8.0_121]
	at java.net.SocketInputStream.read(SocketInputStream.java:141) ~[na:1.8.0_121]
	at org.apache.http.impl.io.AbstractSessionInputBuffer.fillBuffer(AbstractSessionInputBuffer.java:161) ~[httpcore-4.4.10.jar!/:4.4.10]
	at org.apache.http.impl.io.SocketInputBuffer.fillBuffer(SocketInputBuffer.java:82) ~[httpcore-4.4.10.jar!/:4.4.10]
	at org.apache.http.impl.io.AbstractSessionInputBuffer.readLine(AbstractSessionInputBuffer.java:278) ~[httpcore-4.4.10.jar!/:4.4.10]
	at org.apache.http.impl.conn.DefaultHttpResponseParser.parseHead(DefaultHttpResponseParser.java:138) ~[httpclient-4.5.6.jar!/:4.5.6]
	at org.apache.http.impl.conn.DefaultHttpResponseParser.parseHead(DefaultHttpResponseParser.java:56) ~[httpclient-4.5.6.jar!/:4.5.6]
	at org.apache.http.impl.io.AbstractMessageParser.parse(AbstractMessageParser.java:259) ~[httpcore-4.4.10.jar!/:4.4.10]
	at org.apache.http.impl.AbstractHttpClientConnection.receiveResponseHeader(AbstractHttpClientConnection.java:286) ~[httpcore-4.4.10.jar!/:4.4.10]
	at org.apache.http.impl.conn.DefaultClientConnection.receiveResponseHeader(DefaultClientConnection.java:257) ~[httpclient-4.5.6.jar!/:4.5.6]
	at org.apache.http.impl.conn.AbstractClientConnAdapter.receiveResponseHeader(AbstractClientConnAdapter.java:230) ~[httpclient-4.5.6.jar!/:4.5.6]
	at org.apache.http.protocol.HttpRequestExecutor.doReceiveResponse(HttpRequestExecutor.java:273) ~[httpcore-4.4.10.jar!/:4.4.10]
	at org.apache.http.protocol.HttpRequestExecutor.execute(HttpRequestExecutor.java:125) ~[httpcore-4.4.10.jar!/:4.4.10]
	at org.apache.http.impl.client.DefaultRequestDirector.tryExecute(DefaultRequestDirector.java:684) ~[httpclient-4.5.6.jar!/:4.5.6]
	at org.apache.http.impl.client.DefaultRequestDirector.execute(DefaultRequestDirector.java:486) ~[httpclient-4.5.6.jar!/:4.5.6]
	at org.apache.http.impl.client.AbstractHttpClient.doExecute(AbstractHttpClient.java:835) ~[httpclient-4.5.6.jar!/:4.5.6]
	at org.apache.http.impl.client.CloseableHttpClient.execute(CloseableHttpClient.java:118) ~[httpclient-4.5.6.jar!/:4.5.6]
	at org.apache.http.impl.client.CloseableHttpClient.execute(CloseableHttpClient.java:56) ~[httpclient-4.5.6.jar!/:4.5.6]
	at com.sun.jersey.client.apache4.ApacheHttpClient4Handler.handle(ApacheHttpClient4Handler.java:173) ~[jersey-apache-client4-1.19.1.jar!/:1.19.1]
	... 10 common frames omitted

2018-11-08 01:55:07.749  INFO 17632 --- [nio-8101-exec-6] c.n.e.registry.AbstractInstanceRegistry  : Registered instance EUREKASERVER/IBM-062987:eurekaServer:8101 with status UP (replication=true)
2018-11-08 01:55:08.780  INFO 17632 --- [io-8101-exec-10] c.n.e.registry.AbstractInstanceRegistry  : Registered instance EUREKASERVER/IBM-062987:eurekaServer:8101 with status UP (replication=true)
2018-11-08 01:57:06.028  INFO 17632 --- [      Thread-13] c.n.e.r.PeerAwareInstanceRegistryImpl    : Got 1 instances from neighboring DS node
2018-11-08 01:57:06.029  INFO 17632 --- [      Thread-13] c.n.e.r.PeerAwareInstanceRegistryImpl    : Renew threshold is: 1
2018-11-08 01:57:06.029  INFO 17632 --- [      Thread-13] c.n.e.r.PeerAwareInstanceRegistryImpl    : Changing status to UP
2018-11-08 01:57:06.045  INFO 17632 --- [      Thread-13] e.s.EurekaServerInitializerConfiguration : Started Eureka Server
2018-11-08 01:58:06.032  INFO 17632 --- [a-EvictionTimer] c.n.e.registry.AbstractInstanceRegistry  : Running the evict task with compensationTime 0ms
2018-11-08 01:59:06.032  INFO 17632 --- [a-EvictionTimer] c.n.e.registry.AbstractInstanceRegistry  : Running the evict task with compensationTime 0ms
2018-11-08 02:00:06.032  INFO 17632 --- [a-EvictionTimer] c.n.e.registry.AbstractInstanceRegistry  : Running the evict task with compensationTime 0ms
2018-11-08 02:00:06.046  INFO 17632 --- [trap-executor-0] c.n.d.s.r.aws.ConfigClusterResolver      : Resolving eureka endpoints via configuration
2018-11-08 02:01:06.033  INFO 17632 --- [a-EvictionTimer] c.n.e.registry.AbstractInstanceRegistry  : Running the evict task with compensationTime 0ms
2018-11-08 02:01:15.995  INFO 17632 --- [      Thread-15] o.s.c.n.e.s.EurekaServiceRegistry        : Unregistering application eurekaServer with eureka with status DOWN
2018-11-08 02:01:15.996  WARN 17632 --- [      Thread-15] com.netflix.discovery.DiscoveryClient    : Saw local status change event StatusChangeEvent [timestamp=1541613675996, current=DOWN, previous=UP]
2018-11-08 02:01:15.997  INFO 17632 --- [nfoReplicator-0] com.netflix.discovery.DiscoveryClient    : DiscoveryClient_EUREKASERVER/IBM-062987:eurekaServer:8101: registering service...
2018-11-08 02:01:16.004  INFO 17632 --- [      Thread-15] c.n.eureka.DefaultEurekaServerContext    : Shutting down ...
2018-11-08 02:01:16.006  INFO 17632 --- [      Thread-15] c.n.eureka.DefaultEurekaServerContext    : Shut down
2018-11-08 02:01:16.020  INFO 17632 --- [      Thread-15] o.s.s.concurrent.ThreadPoolTaskExecutor  : Shutting down ExecutorService 'applicationTaskExecutor'
2018-11-08 02:01:16.025  INFO 17632 --- [      Thread-15] com.netflix.discovery.DiscoveryClient    : Shutting down DiscoveryClient ...
2018-11-08 02:01:16.026  WARN 17632 --- [      Thread-15] .s.c.a.CommonAnnotationBeanPostProcessor : Destroy method on bean with name 'scopedTarget.eurekaClient' threw an exception: org.springframework.beans.factory.BeanCreationNotAllowedException: Error creating bean with name 'eurekaInstanceConfigBean': Singleton bean creation not allowed while singletons of this factory are in destruction (Do not request a bean from a BeanFactory in a destroy method implementation!)
2018-11-08 02:01:16.071  INFO 17632 --- [nfoReplicator-0] com.netflix.discovery.DiscoveryClient    : DiscoveryClient_EUREKASERVER/IBM-062987:eurekaServer:8101 - registration status: 204
